* 155129R : Mon Feb 8 14:35:46 2016 +0800 : rsgbfhsx
* 155129R : Sat Feb 6 17:43:06 2016 +0800 : -collision for skybox done
* 155129R : Fri Feb 5 15:19:30 2016 +0800 : - ajij
* 155129R : Thu Feb 4 09:00:17 2016 +0800 : ssssss
* 155129R : Mon Feb 1 14:30:39 2016 +0800 : -Assignment 2 Document has gone through first review. Please Update
* 155129R : Sun Jan 31 10:47:12 2016 +0800 : - PPMAN: Team Structure done - ComG: Bathroom floor done
* 155129R : Sat Jan 30 21:45:20 2016 +0800 : assn3 comg
* 155129R : Sat Jan 23 15:12:07 2016 +0800 : Let's do this
* 155129R : Sat Jan 23 12:29:51 2016 +0800 : .
* 155129R : Wed Jan 20 20:26:15 2016 +0800 : - Use this as backup (Before Grouping & UV)
* 155129R : Wed Jan 20 20:12:39 2016 +0800 : UV had errors. need to redo. this is the land vehicle before UV was edited
* unknown : Wed Jan 20 13:44:14 2016 +0800 : - SHIT TO STUDY FOR PPMAN
* 155129R : Wed Jan 20 07:57:57 2016 +0800 : -Updated Assignment 2 (PPMAN)
* 155129R : Tue Jan 19 21:00:32 2016 +0800 : - Uploading PPMan Assignment 2 Draft - Updating LandVehicle, added grid, in the midst of doing UV
* 155129R : Tue Jan 19 08:15:43 2016 +0800 : update
* 155129R : Wed Dec 23 01:26:42 2015 +0800 : Submission
* 155129R : Tue Dec 22 17:00:39 2015 +0800 : egfuadsoj
* 155129R : Fri Dec 18 22:35:00 2015 +0800 : - PERT - Task breakdown
* 155129R : Fri Dec 18 00:09:21 2015 +0800 : Updates to task breakdown
* 155129R : Thu Dec 17 19:15:21 2015 +0800 : 3
* 155129R : Thu Dec 17 11:21:10 2015 +0800 : 2
* 155129R : Wed Dec 16 14:55:59 2015 +0800 : 1