Build started 4/2/2016 2:52:07 PM.
     1>Project "C:\Users\Sri\Desktop\School-Stuff\DM2122_ComG\MyGraphics\MyGraphics\MyGraphics.vcxproj" on node 2 (Build target(s)).
     1>Link:
         C:\Program Files (x86)\Microsoft Visual Studio 12.0\VC\bin\link.exe /ERRORREPORT:PROMPT /OUT:"C:\Users\Sri\Desktop\School-Stuff\DM2122_ComG\MyGraphics\Debug\MyGraphics.exe" /INCREMENTAL /NOLOGO /LIBPATH:"C:\Users\Sri\Desktop\School-Stuff\DM2122_ComG\MyGraphics\\glew\lib" /LIBPATH:"C:\Users\Sri\Desktop\School-Stuff\DM2122_ComG\MyGraphics\\glfw\lib-msvc120" /LIBPATH:"C:\Users\Sri\Desktop\School-Stuff\DM2122_ComG\MyGraphics\Debug" glew32.lib glfw3.lib opengl32.lib winmm.lib Common.lib kernel32.lib user32.lib gdi32.lib winspool.lib comdlg32.lib advapi32.lib shell32.lib ole32.lib oleaut32.lib uuid.lib odbc32.lib odbccp32.lib /MANIFEST /MANIFESTUAC:"level='asInvoker' uiAccess='false'" /manifest:embed /DEBUG /PDB:"C:\Users\Sri\Desktop\School-Stuff\DM2122_ComG\MyGraphics\Debug\MyGraphics.pdb" /SUBSYSTEM:CONSOLE /TLBID:1 /DYNAMICBASE /NXCOMPAT /IMPLIB:"C:\Users\Sri\Desktop\School-Stuff\DM2122_ComG\MyGraphics\Debug\MyGraphics.lib" /MACHINE:X86 Debug\Application.obj
         Debug\Assignment3.obj
         Debug\Camera.obj
         Debug\Camera2.obj
         Debug\LoadOBJ.obj
         Debug\LoadTGA.obj
         Debug\main.obj
         Debug\Mesh.obj
         Debug\MeshBuilder.obj
         Debug\SceneLight.obj
         Debug\SceneModel.obj
         Debug\SceneSkybox.obj
         Debug\SceneText.obj
         Debug\SceneTexture.obj
         Debug\shader.obj
         Debug\Utility.obj
         LINK : C:\Users\Sri\Desktop\School-Stuff\DM2122_ComG\MyGraphics\Debug\MyGraphics.exe not found or not built by the last incremental link; performing full link
     1>LINK : warning LNK4098: defaultlib 'MSVCRT' conflicts with use of other libs; use /NODEFAULTLIB:library
         MyGraphics.vcxproj -> C:\Users\Sri\Desktop\School-Stuff\DM2122_ComG\MyGraphics\Debug\MyGraphics.exe
     1>Done Building Project "C:\Users\Sri\Desktop\School-Stuff\DM2122_ComG\MyGraphics\MyGraphics\MyGraphics.vcxproj" (Build target(s)).

Build succeeded.

Time Elapsed 00:00:01.25
