Build started 12/17/2015 2:51:12 PM.
     1>Project "C:\Users\155129R\Desktop\School Stuff\DM2122\MyGraphics\MyGraphics\MyGraphics.vcxproj" on node 2 (Build target(s)).
     1>ClCompile:
         C:\Program Files (x86)\Microsoft Visual Studio 12.0\VC\bin\CL.exe /c /I"C:\Users\155129R\Desktop\School Stuff\DM2122\MyGraphics\\glew\include" /I"C:\Users\155129R\Desktop\School Stuff\DM2122\MyGraphics\\glfw\include" /I"C:\Users\155129R\Desktop\School Stuff\DM2122\MyGraphics\\Common\Source" /ZI /nologo /W3 /WX- /sdl /Od /Oy- /D WIN32 /D _DEBUG /D _CONSOLE /D _LIB /D _UNICODE /D UNICODE /Gm /EHsc /RTC1 /MDd /GS /fp:precise /Zc:wchar_t /Zc:forScope /Fo"Debug\\" /Fd"Debug\vc120.pdb" /Gd /TP /analyze- /errorReport:prompt Source\Assignment2.cpp
         Assignment2.cpp
     1>c:\users\155129r\desktop\school stuff\dm2122\mygraphics\mygraphics\source\material.h(40): warning C4305: 'argument' : truncation from 'double' to 'float'
     1>c:\users\155129r\desktop\school stuff\dm2122\mygraphics\mygraphics\source\material.h(41): warning C4305: 'argument' : truncation from 'double' to 'float'
     1>c:\users\155129r\desktop\school stuff\dm2122\mygraphics\mygraphics\source\material.h(42): warning C4305: 'argument' : truncation from 'double' to 'float'
     1>c:\users\155129r\desktop\school stuff\dm2122\mygraphics\mygraphics\source\light.h(18): warning C4244: 'argument' : conversion from 'int' to 'float', possible loss of data
     1>c:\users\155129r\desktop\school stuff\dm2122\mygraphics\mygraphics\source\light.h(19): warning C4244: 'argument' : conversion from 'int' to 'float', possible loss of data
     1>c:\users\155129r\desktop\school stuff\dm2122\mygraphics\mygraphics\source\assignment2.cpp(98): warning C4244: 'argument' : conversion from 'int' to 'float', possible loss of data
     1>c:\users\155129r\desktop\school stuff\dm2122\mygraphics\mygraphics\source\assignment2.cpp(100): warning C4305: 'argument' : truncation from 'double' to 'float'
     1>c:\users\155129r\desktop\school stuff\dm2122\mygraphics\mygraphics\source\assignment2.cpp(106): warning C4305: 'argument' : truncation from 'double' to 'float'
     1>c:\users\155129r\desktop\school stuff\dm2122\mygraphics\mygraphics\source\assignment2.cpp(107): warning C4305: 'argument' : truncation from 'double' to 'float'
     1>c:\users\155129r\desktop\school stuff\dm2122\mygraphics\mygraphics\source\assignment2.cpp(108): warning C4305: 'argument' : truncation from 'double' to 'float'
     1>c:\users\155129r\desktop\school stuff\dm2122\mygraphics\mygraphics\source\assignment2.cpp(109): warning C4305: 'argument' : truncation from 'double' to 'float'
     1>c:\users\155129r\desktop\school stuff\dm2122\mygraphics\mygraphics\source\assignment2.cpp(110): warning C4305: '=' : truncation from 'double' to 'float'
     1>c:\users\155129r\desktop\school stuff\dm2122\mygraphics\mygraphics\source\assignment2.cpp(113): warning C4305: 'argument' : truncation from 'double' to 'float'
     1>c:\users\155129r\desktop\school stuff\dm2122\mygraphics\mygraphics\source\assignment2.cpp(114): warning C4305: 'argument' : truncation from 'double' to 'float'
     1>c:\users\155129r\desktop\school stuff\dm2122\mygraphics\mygraphics\source\assignment2.cpp(115): warning C4305: 'argument' : truncation from 'double' to 'float'
     1>c:\users\155129r\desktop\school stuff\dm2122\mygraphics\mygraphics\source\assignment2.cpp(116): warning C4305: 'argument' : truncation from 'double' to 'float'
     1>c:\users\155129r\desktop\school stuff\dm2122\mygraphics\mygraphics\source\assignment2.cpp(117): warning C4305: '=' : truncation from 'double' to 'float'
     1>c:\users\155129r\desktop\school stuff\dm2122\mygraphics\mygraphics\source\assignment2.cpp(121): warning C4305: 'argument' : truncation from 'double' to 'float'
     1>c:\users\155129r\desktop\school stuff\dm2122\mygraphics\mygraphics\source\assignment2.cpp(122): warning C4305: 'argument' : truncation from 'double' to 'float'
     1>c:\users\155129r\desktop\school stuff\dm2122\mygraphics\mygraphics\source\assignment2.cpp(123): warning C4305: 'argument' : truncation from 'double' to 'float'
     1>c:\users\155129r\desktop\school stuff\dm2122\mygraphics\mygraphics\source\assignment2.cpp(124): warning C4305: 'argument' : truncation from 'double' to 'float'
     1>c:\users\155129r\desktop\school stuff\dm2122\mygraphics\mygraphics\source\assignment2.cpp(125): warning C4305: '=' : truncation from 'double' to 'float'
     1>c:\users\155129r\desktop\school stuff\dm2122\mygraphics\mygraphics\source\assignment2.cpp(129): warning C4305: 'argument' : truncation from 'double' to 'float'
     1>c:\users\155129r\desktop\school stuff\dm2122\mygraphics\mygraphics\source\assignment2.cpp(130): warning C4305: 'argument' : truncation from 'double' to 'float'
     1>c:\users\155129r\desktop\school stuff\dm2122\mygraphics\mygraphics\source\assignment2.cpp(131): warning C4305: 'argument' : truncation from 'double' to 'float'
     1>c:\users\155129r\desktop\school stuff\dm2122\mygraphics\mygraphics\source\assignment2.cpp(132): warning C4305: 'argument' : truncation from 'double' to 'float'
     1>c:\users\155129r\desktop\school stuff\dm2122\mygraphics\mygraphics\source\assignment2.cpp(133): warning C4305: '=' : truncation from 'double' to 'float'
     1>c:\users\155129r\desktop\school stuff\dm2122\mygraphics\mygraphics\source\assignment2.cpp(136): warning C4305: 'argument' : truncation from 'double' to 'float'
     1>c:\users\155129r\desktop\school stuff\dm2122\mygraphics\mygraphics\source\assignment2.cpp(137): warning C4305: 'argument' : truncation from 'double' to 'float'
     1>c:\users\155129r\desktop\school stuff\dm2122\mygraphics\mygraphics\source\assignment2.cpp(138): warning C4305: 'argument' : truncation from 'double' to 'float'
     1>c:\users\155129r\desktop\school stuff\dm2122\mygraphics\mygraphics\source\assignment2.cpp(139): warning C4305: 'argument' : truncation from 'double' to 'float'
     1>c:\users\155129r\desktop\school stuff\dm2122\mygraphics\mygraphics\source\assignment2.cpp(140): warning C4305: '=' : truncation from 'double' to 'float'
     1>c:\users\155129r\desktop\school stuff\dm2122\mygraphics\mygraphics\source\assignment2.cpp(144): warning C4305: 'argument' : truncation from 'double' to 'float'
     1>c:\users\155129r\desktop\school stuff\dm2122\mygraphics\mygraphics\source\assignment2.cpp(145): warning C4305: 'argument' : truncation from 'double' to 'float'
     1>c:\users\155129r\desktop\school stuff\dm2122\mygraphics\mygraphics\source\assignment2.cpp(146): warning C4305: 'argument' : truncation from 'double' to 'float'
     1>c:\users\155129r\desktop\school stuff\dm2122\mygraphics\mygraphics\source\assignment2.cpp(147): warning C4305: 'argument' : truncation from 'double' to 'float'
     1>c:\users\155129r\desktop\school stuff\dm2122\mygraphics\mygraphics\source\assignment2.cpp(148): warning C4305: '=' : truncation from 'double' to 'float'
     1>c:\users\155129r\desktop\school stuff\dm2122\mygraphics\mygraphics\source\assignment2.cpp(242): warning C4305: 'argument' : truncation from 'double' to 'float'
     1>c:\users\155129r\desktop\school stuff\dm2122\mygraphics\mygraphics\source\assignment2.cpp(352): warning C4305: 'argument' : truncation from 'double' to 'float'
     1>c:\users\155129r\desktop\school stuff\dm2122\mygraphics\mygraphics\source\assignment2.cpp(379): warning C4305: 'argument' : truncation from 'double' to 'float'
     1>c:\users\155129r\desktop\school stuff\dm2122\mygraphics\mygraphics\source\assignment2.cpp(390): warning C4305: 'argument' : truncation from 'double' to 'float'
     1>c:\users\155129r\desktop\school stuff\dm2122\mygraphics\mygraphics\source\assignment2.cpp(464): warning C4305: 'argument' : truncation from 'double' to 'float'
     1>c:\users\155129r\desktop\school stuff\dm2122\mygraphics\mygraphics\source\assignment2.cpp(477): warning C4305: 'argument' : truncation from 'double' to 'float'
       Link:
         C:\Program Files (x86)\Microsoft Visual Studio 12.0\VC\bin\link.exe /ERRORREPORT:PROMPT /OUT:"C:\Users\155129R\Desktop\School Stuff\DM2122\MyGraphics\Debug\MyGraphics.exe" /INCREMENTAL /NOLOGO /LIBPATH:"C:\Users\155129R\Desktop\School Stuff\DM2122\MyGraphics\\glew\lib" /LIBPATH:"C:\Users\155129R\Desktop\School Stuff\DM2122\MyGraphics\\glfw\lib-msvc120" /LIBPATH:"C:\Users\155129R\Desktop\School Stuff\DM2122\MyGraphics\Debug" glew32.lib glfw3.lib opengl32.lib winmm.lib Common.lib kernel32.lib user32.lib gdi32.lib winspool.lib comdlg32.lib advapi32.lib shell32.lib ole32.lib oleaut32.lib uuid.lib odbc32.lib odbccp32.lib /MANIFEST /MANIFESTUAC:"level='asInvoker' uiAccess='false'" /manifest:embed /DEBUG /PDB:"C:\Users\155129R\Desktop\School Stuff\DM2122\MyGraphics\Debug\MyGraphics.pdb" /SUBSYSTEM:CONSOLE /TLBID:1 /DYNAMICBASE /NXCOMPAT /IMPLIB:"C:\Users\155129R\Desktop\School Stuff\DM2122\MyGraphics\Debug\MyGraphics.lib" /MACHINE:X86 Debug\Application.obj
         Debug\Assignment2.obj
         Debug\Camera.obj
         Debug\Camera2.obj
         Debug\main.obj
         Debug\Mesh.obj
         Debug\MeshBuilder.obj
         Debug\Scene1.obj
         Debug\Scene2.obj
         Debug\Scene3.obj
         Debug\Scene4.obj
         Debug\SceneLight.obj
         Debug\shader.obj
         Debug\Utility.obj
         MyGraphics.vcxproj -> C:\Users\155129R\Desktop\School Stuff\DM2122\MyGraphics\Debug\MyGraphics.exe
     1>Done Building Project "C:\Users\155129R\Desktop\School Stuff\DM2122\MyGraphics\MyGraphics\MyGraphics.vcxproj" (Build target(s)).

Build succeeded.

Time Elapsed 00:00:01.13
